13:32:27.764 INFO  connected to the mongodb 
13:35:39.059 INFO  connected to the mongodb 
13:35:49.556 INFO  connected to the mongodb 
13:45:22.428 INFO  connected to the mongodb 
13:47:08.042 INFO  connected to the mongodb 
13:48:34.169 INFO  connected to the mongodb 
13:53:01.682 INFO  connected to the mongodb 
13:53:07.690 INFO  connected to the mongodb 
13:53:34.330 INFO  connected to the mongodb 
13:53:38.801 INFO  connected to the mongodb 
13:53:42.993 INFO  connected to the mongodb 
13:53:46.554 INFO  connected to the mongodb 
13:54:37.788 INFO  connected to the mongodb 
13:54:45.322 INFO  connected to the mongodb 
13:55:03.544 INFO  connected to the mongodb 
13:55:08.259 INFO  connected to the mongodb 
13:55:22.386 INFO  connected to the mongodb 
14:17:51.444 INFO  connected to the mongodb 
14:19:04.832 INFO  connected to the mongodb 
14:41:07.824 INFO  connected to the mongodb 
14:42:49.284 INFO  connected to the mongodb 
14:43:01.793 INFO  connected to the mongodb 
15:08:36.851 INFO  connected to the mongodb 
15:08:51.172 INFO  connected to the mongodb 
16:59:55.426 INFO  connected to the mongodb 
16:59:59.187 INFO  Appointment added 
23:19:10.311 INFO  connected to the mongodb 
23:19:10.376 INFO  Appointment Deleted 
23:19:44.934 INFO  connected to the mongodb 
23:20:45.463 INFO  Searching by Time Slot 
23:21:20.847 INFO  connected to the mongodb 
23:21:46.852 INFO  Searching by appointment Date 
23:25:10.446 INFO  connected to the mongodb 
23:25:14.750 INFO  connected to the mongodb 
23:25:26.988 INFO  Searching by Doctor number 
23:26:34.652 INFO  connected to the mongodb 
23:51:37.273 INFO  connected to the mongodb 
23:51:37.494 INFO  Appointment Deleted 
09:47:46.971 INFO  connected to the mongodb 
09:49:29.517 INFO  Appointment added 
10:28:58.457 INFO  connected to the mongodb 
10:28:58.632 INFO  Appointment Deleted 
10:29:41.081 INFO  connected to the mongodb 
10:30:10.524 INFO  connected to the mongodb 
10:30:21.684 INFO  connected to the mongodb 
10:30:21.850 INFO  Appointment Deleted 
10:31:38.594 INFO  connected to the mongodb 
10:31:40.724 INFO  connected to the mongodb 
10:31:44.271 INFO  connected to the mongodb 
10:31:53.757 INFO  connected to the mongodb 
10:31:57.533 INFO  connected to the mongodb 
10:32:01.816 INFO  connected to the mongodb 
10:32:03.980 INFO  connected to the mongodb 
10:32:07.399 INFO  connected to the mongodb 
10:32:12.536 INFO  connected to the mongodb 
10:32:13.672 INFO  connected to the mongodb 
10:32:20.175 INFO  connected to the mongodb 
10:32:31.021 INFO  connected to the mongodb 
10:32:49.574 INFO  connected to the mongodb 
10:32:53.950 INFO  connected to the mongodb 
10:33:04.045 INFO  connected to the mongodb 
10:33:04.346 INFO  Appointment Deleted 
10:35:22.836 INFO  connected to the mongodb 
10:35:28.389 INFO  connected to the mongodb 
10:35:58.155 INFO  connected to the mongodb 
10:35:58.484 INFO  Appointment Deleted 
10:28:18.978 INFO  connected to the mongodb 
10:33:08.523 INFO  connected to the mongodb 
10:33:46.470 INFO  Searching by appointment Date 
11:10:21.011 INFO  connected to the mongodb 
11:11:21.041 INFO  connected to the mongodb 
11:11:23.073 INFO  connected to the mongodb 
11:11:31.466 INFO  connected to the mongodb 
11:11:33.768 INFO  connected to the mongodb 
11:11:37.458 INFO  connected to the mongodb 
11:11:44.923 INFO  connected to the mongodb 
11:11:47.000 INFO  connected to the mongodb 
11:11:49.286 INFO  connected to the mongodb 
11:12:00.869 INFO  connected to the mongodb 
11:12:04.021 INFO  connected to the mongodb 
11:12:09.652 INFO  connected to the mongodb 
11:12:12.619 INFO  connected to the mongodb 
11:12:21.429 INFO  connected to the mongodb 
11:12:25.524 INFO  connected to the mongodb 
11:14:45.300 INFO  connected to the mongodb 
11:16:48.478 INFO  connected to the mongodb 
11:17:17.193 INFO  searching for appointment by date 2022-02-23 
11:17:17.205 INFO  Searching by appointment Date 
11:17:42.924 INFO  searching for appointment by date 2022-02-14 
11:17:42.928 INFO  Searching by appointment Date 
12:19:30.960 INFO  connected to the mongodb 
12:20:27.128 INFO  searching for appointment by date 2022-02-23 
12:20:27.184 INFO  Searching by appointment Date 
12:20:31.303 INFO  searching for appointment by date 10-10-1996 
12:20:31.335 INFO  Searching by appointment Date 
12:20:34.969 INFO  searching for appointment by date 2022-02-22 
12:20:34.995 INFO  Searching by appointment Date 
12:20:35.811 INFO  searching for appointment by date 2022-02-22 
12:20:35.814 INFO  Searching by appointment Date 
12:20:39.849 INFO  searching for appointment by date 2022-02-16 
12:20:39.877 INFO  Searching by appointment Date 
12:26:32.385 INFO  searching for appointment by date 2022-02-22 
12:26:32.388 INFO  Searching by appointment Date 
12:26:34.198 INFO  searching for appointment by date 2022-02-22 
12:26:34.201 INFO  Searching by appointment Date 
12:26:48.824 INFO  searching for appointment by date 2022-02-11 
12:26:48.827 INFO  Searching by appointment Date 
12:26:49.384 INFO  searching for appointment by date 2022-02-11 
12:26:49.387 INFO  Searching by appointment Date 
12:26:49.557 INFO  searching for appointment by date 2022-02-11 
12:26:49.560 INFO  Searching by appointment Date 
12:26:49.688 INFO  searching for appointment by date 2022-02-11 
12:26:49.692 INFO  Searching by appointment Date 
12:26:49.836 INFO  searching for appointment by date 2022-02-11 
12:26:49.840 INFO  Searching by appointment Date 
12:26:50.061 INFO  searching for appointment by date 2022-02-11 
12:26:50.065 INFO  Searching by appointment Date 
12:26:50.207 INFO  searching for appointment by date 2022-02-11 
12:26:50.210 INFO  Searching by appointment Date 
12:26:50.327 INFO  searching for appointment by date 2022-02-11 
12:26:50.329 INFO  Searching by appointment Date 
12:26:50.474 INFO  searching for appointment by date 2022-02-11 
12:26:50.477 INFO  Searching by appointment Date 
12:26:50.599 INFO  searching for appointment by date 2022-02-11 
12:26:50.602 INFO  Searching by appointment Date 
12:26:50.747 INFO  searching for appointment by date 2022-02-11 
12:26:50.750 INFO  Searching by appointment Date 
12:26:55.991 INFO  searching for appointment by date 2022-02-11 
12:26:55.994 INFO  Searching by appointment Date 
12:26:56.519 INFO  searching for appointment by date 2022-02-11 
12:26:56.523 INFO  Searching by appointment Date 
12:26:56.681 INFO  searching for appointment by date 2022-02-11 
12:26:56.684 INFO  Searching by appointment Date 
12:26:56.827 INFO  searching for appointment by date 2022-02-11 
12:26:56.830 INFO  Searching by appointment Date 
12:26:56.997 INFO  searching for appointment by date 2022-02-11 
12:26:57.000 INFO  Searching by appointment Date 
12:27:23.589 INFO  connected to the mongodb 
12:27:48.641 INFO  searching for appointment by date 2022-02-11 
12:27:48.656 INFO  Searching by appointment Date 
12:27:49.407 INFO  searching for appointment by date 2022-02-11 
12:27:49.411 INFO  Searching by appointment Date 
12:27:49.576 INFO  searching for appointment by date 2022-02-11 
12:27:49.579 INFO  Searching by appointment Date 
12:27:49.741 INFO  searching for appointment by date 2022-02-11 
12:27:49.745 INFO  Searching by appointment Date 
12:27:54.131 INFO  searching for appointment by date 2022-02-16 
12:27:54.139 INFO  Searching by appointment Date 
12:30:54.899 INFO  searching for appointment by date 2022-02-14 
12:30:54.901 INFO  Searching by appointment Date 
12:36:32.673 INFO  searching for appointment by date 2022-02-14 
12:36:32.678 INFO  Searching by appointment Date 
12:56:02.615 INFO  searching for appointment by date 2022-02-14 
12:56:02.663 INFO  Searching by appointment Date 
13:15:26.530 INFO  searching for appointment by date 2022-02-14 
13:15:26.537 INFO  Searching by appointment Date 
13:15:57.571 INFO  searching for appointment by date 2022-02-17 
13:15:57.587 INFO  Searching by appointment Date 
14:32:26.731 INFO  searching for appointment by date 2022-02-14 
14:32:26.850 INFO  Searching by appointment Date 
14:35:00.757 INFO  searching for appointment by date 2022-02-17 
14:35:00.804 INFO  Searching by appointment Date 
14:35:39.950 INFO  searching for appointment by date 2022-02-14 
14:35:40.002 INFO  Searching by appointment Date 
14:37:48.405 INFO  searching for appointment by date 2022-02-16 
14:37:48.456 INFO  Searching by appointment Date 
16:41:07.903 INFO  connected to the mongodb 
16:42:03.860 INFO  searching for appointment by date 2022-02-22 
16:42:03.937 INFO  Searching by appointment Date 
16:42:05.018 INFO  searching for appointment by date 2022-02-22 
16:42:05.059 INFO  Searching by appointment Date 
16:42:05.200 INFO  searching for appointment by date 2022-02-22 
16:42:05.205 INFO  Searching by appointment Date 
16:42:05.360 INFO  searching for appointment by date 2022-02-22 
16:42:05.364 INFO  Searching by appointment Date 
16:42:05.531 INFO  searching for appointment by date 2022-02-22 
16:42:05.539 INFO  Searching by appointment Date 
16:42:05.645 INFO  searching for appointment by date 2022-02-22 
16:42:05.654 INFO  Searching by appointment Date 
16:42:05.785 INFO  searching for appointment by date 2022-02-22 
16:42:05.790 INFO  Searching by appointment Date 
16:42:06.372 INFO  searching for appointment by date 2022-02-22 
16:42:06.378 INFO  Searching by appointment Date 
16:42:06.512 INFO  searching for appointment by date 2022-02-22 
16:42:06.517 INFO  Searching by appointment Date 
16:42:06.659 INFO  searching for appointment by date 2022-02-22 
16:42:06.663 INFO  Searching by appointment Date 
16:42:06.874 INFO  searching for appointment by date 2022-02-22 
16:42:06.878 INFO  Searching by appointment Date 
16:42:06.999 INFO  searching for appointment by date 2022-02-22 
16:42:07.004 INFO  Searching by appointment Date 
16:42:07.127 INFO  searching for appointment by date 2022-02-22 
16:42:07.131 INFO  Searching by appointment Date 
16:42:08.873 INFO  searching for appointment by date 2022-02-22 
16:42:08.878 INFO  Searching by appointment Date 
16:42:09.042 INFO  searching for appointment by date 2022-02-22 
16:42:09.046 INFO  Searching by appointment Date 
16:42:09.197 INFO  searching for appointment by date 2022-02-22 
16:42:09.201 INFO  Searching by appointment Date 
16:42:09.359 INFO  searching for appointment by date 2022-02-22 
16:42:09.363 INFO  Searching by appointment Date 
16:43:25.440 INFO  searching for appointment by date 2022-02-14 
16:43:25.456 INFO  Searching by appointment Date 
16:43:35.484 INFO  searching for appointment by date 2022-02-14 
16:43:35.489 INFO  Searching by appointment Date 
16:57:28.784 INFO  connected to the mongodb 
17:07:52.458 INFO  searching for appointment by date 2022-02-22 
17:07:52.484 INFO  Searching by appointment Date 
17:07:54.870 INFO  searching for appointment by date 2022-02-14 
17:07:54.882 INFO  Searching by appointment Date 
17:18:27.019 INFO  searching for appointment by date 2022-02-16 
17:18:27.046 INFO  Searching by appointment Date 
17:18:45.897 INFO  searching for appointment by date 2022-02-14 
17:18:45.904 INFO  Searching by appointment Date 
17:18:46.720 INFO  searching for appointment by date 2022-02-14 
17:18:46.726 INFO  Searching by appointment Date 
17:18:50.564 INFO  searching for appointment by date 2022-02-16 
17:18:50.570 INFO  Searching by appointment Date 
17:18:55.461 INFO  searching for appointment by date 2022-02-16 
17:18:55.466 INFO  Searching by appointment Date 
17:22:09.824 INFO  searching for appointment by date 2022-02-16 
17:22:09.830 INFO  Searching by appointment Date 
17:22:58.196 INFO  searching for appointment by date 2022-02-16 
17:22:58.200 INFO  Searching by appointment Date 
17:23:15.754 INFO  searching for appointment by date 2022-02-16 
17:23:15.759 INFO  Searching by appointment Date 
17:24:09.652 INFO  searching for appointment by date 2022-02-16 
17:24:09.658 INFO  Searching by appointment Date 
17:24:09.973 INFO  searching for appointment by date 2022-02-16 
17:24:09.975 INFO  Searching by appointment Date 
22:54:46.537 INFO  connected to the mongodb 
23:05:52.058 INFO  searching for appointment by date 2022-02-24 
23:05:52.135 INFO  Searching by appointment Date 
23:05:53.222 INFO  searching for appointment by date 2022-02-24 
23:05:53.227 INFO  Searching by appointment Date 
23:05:53.865 INFO  searching for appointment by date 2022-02-24 
23:05:53.869 INFO  Searching by appointment Date 
23:06:07.824 INFO  searching for appointment by date 2022-02-11 
23:06:07.827 INFO  Searching by appointment Date 
23:06:08.478 INFO  searching for appointment by date 2022-02-11 
23:06:08.482 INFO  Searching by appointment Date 
23:06:08.629 INFO  searching for appointment by date 2022-02-11 
23:06:08.634 INFO  Searching by appointment Date 
23:06:08.782 INFO  searching for appointment by date 2022-02-11 
23:06:08.785 INFO  Searching by appointment Date 
23:06:08.929 INFO  searching for appointment by date 2022-02-11 
23:06:08.934 INFO  Searching by appointment Date 
23:06:09.088 INFO  searching for appointment by date 2022-02-11 
23:06:09.092 INFO  Searching by appointment Date 
23:06:14.551 INFO  searching for appointment by date 2022-02-11 
23:06:14.555 INFO  Searching by appointment Date 
23:06:14.926 INFO  searching for appointment by date 2022-02-11 
23:06:14.930 INFO  Searching by appointment Date 
23:06:15.067 INFO  searching for appointment by date 2022-02-11 
23:06:15.071 INFO  Searching by appointment Date 
23:06:15.201 INFO  searching for appointment by date 2022-02-11 
23:06:15.205 INFO  Searching by appointment Date 
23:06:15.333 INFO  searching for appointment by date 2022-02-11 
23:06:15.337 INFO  Searching by appointment Date 
23:06:15.482 INFO  searching for appointment by date 2022-02-11 
23:06:15.485 INFO  Searching by appointment Date 
23:09:27.557 INFO  connected to the mongodb 
23:09:58.561 INFO  searching for appointment by date 2022-02-16 
23:09:58.576 INFO  Searching by appointment Date 
23:10:12.687 INFO  searching for appointment by date 2022-02-16 
23:10:12.692 INFO  Searching by appointment Date 
23:10:31.021 INFO  searching for appointment by date 2022-02-16 
23:10:31.025 INFO  Searching by appointment Date 
23:10:42.246 INFO  searching for appointment by date 2022-02-16 
23:10:42.249 INFO  Searching by appointment Date 
09:42:37.705 INFO  connected to the mongodb 
09:43:22.099 INFO  searching for appointment by date 2022-02-16 
09:43:22.224 INFO  Searching by appointment Date 
09:43:46.778 INFO  searching for appointment by date 2022-02-16 
09:43:46.785 INFO  Searching by appointment Date 
09:44:21.065 INFO  searching for appointment by date 2022-02-16 
09:44:21.072 INFO  Searching by appointment Date 
09:54:27.473 INFO  searching for appointment by date 2022-02-16 
09:54:27.481 INFO  Searching by appointment Date 
10:00:48.748 INFO  connected to the mongodb 
10:01:25.490 INFO  searching for appointment by date 2022-02-16 
10:01:25.524 INFO  Searching by appointment Date 
10:03:39.769 INFO  searching for appointment by date 2022-02-16 
10:03:39.778 INFO  Searching by appointment Date 
10:08:32.466 INFO  searching for appointment by date 2022-02-16 
10:08:32.473 INFO  Searching by appointment Date 
10:23:40.780 INFO  searching for appointment by date 2022-02-16 
10:23:40.786 INFO  Searching by appointment Date 
10:33:36.681 INFO  searching for appointment by date 2022-02-16 
10:33:36.699 INFO  Searching by appointment Date 
10:36:51.654 INFO  Appointment edited 
10:37:26.319 INFO  Appointment edited 
10:37:51.185 INFO  searching for appointment by date 2022-02-16 
10:37:51.190 INFO  Searching by appointment Date 
11:37:03.567 INFO  Appointment added 
11:37:58.039 INFO  searching for appointment by date 2022-02-16 
11:37:58.069 INFO  Searching by appointment Date 
11:46:03.153 INFO  searching for appointment by date 2022-03-04 
11:46:03.239 INFO  Searching by appointment Date 
11:46:03.914 INFO  searching for appointment by date 2022-03-04 
11:46:03.935 INFO  Searching by appointment Date 
12:09:33.005 INFO  searching for appointment by date 2022-03-03 
12:09:33.010 INFO  Searching by appointment Date 
12:09:33.855 INFO  searching for appointment by date 2022-03-03 
12:09:33.857 INFO  Searching by appointment Date 
12:09:40.701 INFO  searching for appointment by date 2022-03-04 
12:09:40.704 INFO  Searching by appointment Date 
12:22:56.247 INFO  searching for appointment by date 2022-03-04 
12:22:56.251 INFO  Searching by appointment Date 
12:35:06.706 INFO  searching for appointment by date 2022-03-04 
12:35:06.728 INFO  Searching by appointment Date 
12:38:02.663 INFO  searching for appointment by date 2022-03-03 
12:38:02.666 INFO  Searching by appointment Date 
12:38:06.181 INFO  searching for appointment by date 2022-03-04 
12:38:06.198 INFO  Searching by appointment Date 
12:45:18.262 INFO  connected to the mongodb 
12:45:21.669 INFO  connected to the mongodb 
12:45:24.301 INFO  connected to the mongodb 
12:45:29.057 INFO  connected to the mongodb 
12:45:33.372 INFO  connected to the mongodb 
12:45:39.872 INFO  connected to the mongodb 
12:45:41.285 INFO  connected to the mongodb 
12:45:42.236 INFO  connected to the mongodb 
12:45:46.905 INFO  connected to the mongodb 
12:45:48.026 INFO  connected to the mongodb 
12:45:52.347 INFO  connected to the mongodb 
12:45:55.905 INFO  connected to the mongodb 
12:45:57.949 INFO  connected to the mongodb 
12:46:09.789 INFO  connected to the mongodb 
12:46:15.651 INFO  connected to the mongodb 
12:46:22.430 INFO  connected to the mongodb 
12:46:55.367 INFO  connected to the mongodb 
12:47:24.633 INFO  searching for appointment by date 2022-03-04 
12:47:24.648 INFO  Searching by appointment Date 
12:47:28.588 INFO  Recive appointment delete request 6215cf07b454e07eab528a0e 
12:47:28.596 INFO  Appointment Deleted 
12:48:01.552 INFO  searching for appointment by date 2022-03-04 
12:48:01.556 INFO  Searching by appointment Date 
12:48:03.233 INFO  searching for appointment by date 2022-03-04 
12:48:03.237 INFO  Searching by appointment Date 
12:51:27.206 INFO  searching for appointment by date 2022-02-16 
12:51:27.212 INFO  Searching by appointment Date 
12:51:36.205 INFO  Recive appointment delete request 621312d177cf0540230bbcff 
12:51:36.209 INFO  Appointment Deleted 
12:51:45.029 INFO  searching for appointment by date 2022-02-16 
12:51:45.032 INFO  Searching by appointment Date 
12:54:01.190 INFO  connected to the mongodb 
14:07:13.933 INFO  Appointment added 
14:07:48.754 INFO  searching for appointment by date 2022-02-28 
14:07:48.767 INFO  Searching by appointment Date 
14:08:20.909 INFO  Appointment edited 
14:08:29.033 INFO  searching for appointment by date 2022-02-28 
14:08:29.038 INFO  Searching by appointment Date 
14:09:23.856 INFO  Appointment edited 
14:09:40.732 INFO  searching for appointment by date 2022-02-28 
14:09:40.735 INFO  Searching by appointment Date 
15:05:11.363 INFO  connected to the mongodb 
15:06:48.208 INFO  connected to the mongodb 
15:15:45.587 INFO  Appointment added 
15:28:44.605 INFO  searching for appointment by date 2022-02-24 
15:28:44.640 INFO  Searching by appointment Date 
15:28:47.418 INFO  searching for appointment by date 2022-02-16 
15:28:47.426 INFO  Searching by appointment Date 
15:29:18.462 INFO  connected to the mongodb 
15:45:48.662 INFO  Appointment added 
16:15:46.159 INFO  connected to the mongodb 
16:16:37.125 INFO  searching for appointment by date 2022-02-16 
16:16:37.455 INFO  Searching by appointment Date 
17:55:55.548 INFO  searching for appointment by date 2022-02-16 
17:55:55.751 INFO  Searching by appointment Date 
18:10:55.743 INFO  Appointment edited 
18:13:56.297 INFO  Appointment edited 
18:20:26.589 INFO  Appointment edited 
18:22:58.370 INFO  searching for appointment by date 2022-02-22 
18:22:58.642 INFO  Searching by appointment Date 
18:23:05.670 INFO  searching for appointment by date 2022-02-23 
18:23:05.699 INFO  Searching by appointment Date 
18:23:15.721 INFO  Appointment edited 
18:27:02.552 INFO  Appointment added 
20:36:14.866 INFO  connected to the mongodb 
20:36:55.755 INFO  searching for appointment by date 2022-02-24 
20:36:55.782 INFO  Searching by appointment Date 
20:37:00.534 INFO  searching for appointment by date 2022-02-16 
20:37:00.550 INFO  Searching by appointment Date 
20:37:03.050 INFO  Recive appointment delete request 6215e0a7f1fbe55198b627fb 
20:37:03.055 INFO  Appointment Deleted 
20:37:05.780 INFO  searching for appointment by date 2022-02-16 
20:37:05.782 INFO  Searching by appointment Date 
20:40:10.526 INFO  Appointment added 
20:40:29.401 INFO  Appointment edited 
20:44:26.188 INFO  connected to the mongodb 
20:46:11.672 INFO  searching for appointment by date 2022-02-16 
20:46:11.689 INFO  Searching by appointment Date 
20:55:47.988 INFO  connected to the mongodb 
21:07:13.705 INFO  connected to the mongodb 
21:07:13.864 INFO  Recive appointment delete request 620f44897c464677dc4e1936 
21:07:13.890 INFO  Appointment Deleted 
